ARM GAS  /tmp/ccLXr08c.s 			page 1


   1              		.cpu cortex-m4
   2              		.arch armv7e-m
   3              		.fpu fpv4-sp-d16
   4              		.eabi_attribute 27, 1
   5              		.eabi_attribute 28, 1
   6              		.eabi_attribute 20, 1
   7              		.eabi_attribute 21, 1
   8              		.eabi_attribute 23, 3
   9              		.eabi_attribute 24, 1
  10              		.eabi_attribute 25, 1
  11              		.eabi_attribute 26, 1
  12              		.eabi_attribute 30, 1
  13              		.eabi_attribute 34, 1
  14              		.eabi_attribute 18, 4
  15              		.file	"PWM.c"
  16              		.text
  17              	.Ltext0:
  18              		.cfi_sections	.debug_frame
  19              		.file 1 "./Hardware/PWM.c"
  20              		.section	.text.PWM_Init,"ax",%progbits
  21              		.align	1
  22              		.global	PWM_Init
  23              		.syntax unified
  24              		.thumb
  25              		.thumb_func
  27              	PWM_Init:
  28              	.LFB123:
   1:./Hardware/PWM.c **** #include "main.h"                  // Device header
   2:./Hardware/PWM.c **** 
   3:./Hardware/PWM.c **** 
   4:./Hardware/PWM.c **** /*
   5:./Hardware/PWM.c **** å®šæ—¶ä¸­æ–­åˆå§‹åŒ–æ­¥éª¤ï¼š
   6:./Hardware/PWM.c **** 1.å¼€å¯RCCæ—¶é’Ÿ
   7:./Hardware/PWM.c **** 2.é€‰æ‹©æ—¶åŸºå•å…ƒçš„æ—¶é’Ÿæºï¼Œå¯¹äºå®šæ—¶ä¸­æ–­ï¼Œä¸€èˆ¬é€‰æ‹©å†…éƒ¨æ—¶é’Ÿæº
   8:./Hardware/PWM.c **** 3.é…ç½®æ—¶åŸºå•å…ƒï¼ŒåŒ…æ‹¬é¢„åˆ†é¢‘å™¨ï¼Œè‡ªåŠ¨é‡è£…å™¨ï¼Œè®¡æ•°æ¨¡å¼ç­‰
   9:./Hardware/PWM.c **** 4.é…ç½®è¾“å‡ºä¸­æ–­æ§åˆ¶ï¼Œå…è®¸æ›´æ–°ä¸­æ–­è¾“å‡ºåˆ°NVIC
  10:./Hardware/PWM.c **** 5.é…ç½®NVICï¼Œåœ¨NVICä¸­æ‰“å¼€å®šæ—¶å™¨ä¸­æ–­çš„é€šé“ï¼Œå¹¶åˆ†é…ä¸€ä¸ªä¼˜å…ˆçº§
  11:./Hardware/PWM.c **** 6.è¿è¡Œæ§åˆ¶
  12:./Hardware/PWM.c **** 7.ä½¿èƒ½è®¡æ•°å™¨
  13:./Hardware/PWM.c **** 8.å†å†™ä¸€ä¸ªä¸­æ–­å‡½æ•°ï¼ˆåˆå§‹åŒ–å¤–ï¼‰
  14:./Hardware/PWM.c **** 
  15:./Hardware/PWM.c **** PWMè¾“å‡ºæ¯”è¾ƒåˆå§‹åŒ–æ­¥éª¤ï¼š
  16:./Hardware/PWM.c **** 1.å¼€å¯RCCæ—¶é’Ÿï¼ŒTIMå’ŒGPIO
  17:./Hardware/PWM.c **** 2.GPIOåˆå§‹åŒ–ï¼Œå¼€å¯é‡æ˜ å°„
  18:./Hardware/PWM.c **** 3.é€‰æ‹©æ—¶åŸºå•å…ƒçš„æ—¶é’Ÿæº
  19:./Hardware/PWM.c **** 4.é…ç½®æ—¶åŸºå•å…ƒï¼ŒåŒ…æ‹¬é¢„åˆ†é¢‘å™¨ï¼Œè‡ªåŠ¨é‡è£…å™¨ï¼Œè®¡æ•°æ¨¡å¼ç­‰
  20:./Hardware/PWM.c **** 5.è¾“å‡ºæ¯”è¾ƒé€šé“åˆå§‹åŒ–
  21:./Hardware/PWM.c **** 
  22:./Hardware/PWM.c **** PWMè¾“å…¥æ•è·åˆå§‹åŒ–æ­¥éª¤ï¼š
  23:./Hardware/PWM.c **** 1.RCCå¼€å¯æ—¶é’Ÿï¼ŒæŠŠTIMå’ŒGPIOçš„æ—¶é’Ÿéƒ½æ‰“å¼€
  24:./Hardware/PWM.c **** 2.GPIOåˆå§‹åŒ–ï¼Œé…ç½®ä¸ºè¾“å…¥æ¨¡å¼ï¼Œä¸€èˆ¬é€‰æ‹©ä¸Šæ‹‰æˆ–è€…æµ®ç©º
  25:./Hardware/PWM.c **** 3.é…ç½®æ—¶åŸºå•å…ƒï¼Œè®©CNTåœ¨å†…éƒ¨æ—¶é’Ÿçš„é©±åŠ¨ä¸‹è‡ªå¢è¿è¡Œ
  26:./Hardware/PWM.c **** 4.é…ç½®è¾“å…¥æ•è·å•å…ƒï¼ŒåŒ…æ‹¬æ»¤æ³¢å™¨ï¼Œææ€§ï¼Œç›´è¿é€šé“oräº¤å‰é€šé“ï¼Œåˆ†é¢‘å™¨ç­‰å
  27:./Hardware/PWM.c **** 5.é€‰æ‹©ä»æ¨¡å¼çš„è§¦å‘æºï¼ˆTI1FP1ï¼‰
  28:./Hardware/PWM.c **** 6.é€‰æ‹©è§¦å‘ä¹‹åæ‰§è¡Œçš„æ“ä½œï¼ˆResetï¼‰
  29:./Hardware/PWM.c **** 7.TIM_Cmdï¼Œå¼€å¯å®šæ—¶å™¨
  30:./Hardware/PWM.c **** 
ARM GAS  /tmp/ccLXr08c.s 			page 2


  31:./Hardware/PWM.c **** è®¡ç®—å…¬å¼ï¼š
  32:./Hardware/PWM.c **** PWMé¢‘ç‡ï¼šFreq = CK_PSC/(PSC+1)/(ARR+1)
  33:./Hardware/PWM.c **** PWMå ç©ºæ¯”ï¼šDuty = CCR/(ARR+1)
  34:./Hardware/PWM.c **** PWMåˆ†è¾¨ç‡ï¼šReso = 1/(ARR+1)
  35:./Hardware/PWM.c **** */
  36:./Hardware/PWM.c **** void PWM_Init(void)
  37:./Hardware/PWM.c **** {
  29              		.loc 1 37 1 view -0
  30              		.cfi_startproc
  31              		@ args = 0, pretend = 0, frame = 40
  32              		@ frame_needed = 0, uses_anonymous_args = 0
  33 0000 F0B5     		push	{r4, r5, r6, r7, lr}
  34              	.LCFI0:
  35              		.cfi_def_cfa_offset 20
  36              		.cfi_offset 4, -20
  37              		.cfi_offset 5, -16
  38              		.cfi_offset 6, -12
  39              		.cfi_offset 7, -8
  40              		.cfi_offset 14, -4
  41 0002 8BB0     		sub	sp, sp, #44
  42              	.LCFI1:
  43              		.cfi_def_cfa_offset 64
  38:./Hardware/PWM.c **** 	RCC_APB1PeriphClockCmd(RCC_APB1Periph_TIM3, ENABLE);
  44              		.loc 1 38 2 view .LVU1
  45 0004 0121     		movs	r1, #1
  46 0006 0220     		movs	r0, #2
  47 0008 FFF7FEFF 		bl	RCC_APB1PeriphClockCmd
  48              	.LVL0:
  39:./Hardware/PWM.c **** 	RCC_AHB1PeriphClockCmd(RCC_AHB1Periph_GPIOC ,ENABLE);
  49              		.loc 1 39 2 view .LVU2
  50 000c 0121     		movs	r1, #1
  51 000e 0420     		movs	r0, #4
  52 0010 FFF7FEFF 		bl	RCC_AHB1PeriphClockCmd
  53              	.LVL1:
  40:./Hardware/PWM.c **** 	
  41:./Hardware/PWM.c **** 	GPIO_InitTypeDef GPIO_InitStructure;
  54              		.loc 1 41 2 view .LVU3
  42:./Hardware/PWM.c **** 	GPIO_InitStructure.GPIO_Mode = GPIO_Mode_AF;
  55              		.loc 1 42 2 view .LVU4
  56              		.loc 1 42 31 is_stmt 0 view .LVU5
  57 0014 0226     		movs	r6, #2
  58 0016 8DF82460 		strb	r6, [sp, #36]
  43:./Hardware/PWM.c **** 	GPIO_InitStructure.GPIO_OType = GPIO_OType_PP;
  59              		.loc 1 43 2 is_stmt 1 view .LVU6
  60              		.loc 1 43 32 is_stmt 0 view .LVU7
  61 001a 0025     		movs	r5, #0
  62 001c 8DF82650 		strb	r5, [sp, #38]
  44:./Hardware/PWM.c **** 	GPIO_InitStructure.GPIO_Pin = GPIO_Pin_6 | GPIO_Pin_7 | GPIO_Pin_8 | GPIO_Pin_9;
  63              		.loc 1 44 2 is_stmt 1 view .LVU8
  64              		.loc 1 44 30 is_stmt 0 view .LVU9
  65 0020 4FF47073 		mov	r3, #960
  66 0024 0893     		str	r3, [sp, #32]
  45:./Hardware/PWM.c **** 	GPIO_InitStructure.GPIO_PuPd = GPIO_PuPd_UP;
  67              		.loc 1 45 2 is_stmt 1 view .LVU10
  68              		.loc 1 45 31 is_stmt 0 view .LVU11
  69 0026 0127     		movs	r7, #1
  70 0028 8DF82770 		strb	r7, [sp, #39]
ARM GAS  /tmp/ccLXr08c.s 			page 3


  46:./Hardware/PWM.c **** 	GPIO_InitStructure.GPIO_Speed = GPIO_High_Speed;
  71              		.loc 1 46 2 is_stmt 1 view .LVU12
  72              		.loc 1 46 32 is_stmt 0 view .LVU13
  73 002c 0323     		movs	r3, #3
  74 002e 8DF82530 		strb	r3, [sp, #37]
  47:./Hardware/PWM.c **** 	GPIO_Init(GPIOC , &GPIO_InitStructure);
  75              		.loc 1 47 2 is_stmt 1 view .LVU14
  76 0032 314C     		ldr	r4, .L3
  77 0034 08A9     		add	r1, sp, #32
  78 0036 2046     		mov	r0, r4
  79 0038 FFF7FEFF 		bl	GPIO_Init
  80              	.LVL2:
  48:./Hardware/PWM.c **** 			
  49:./Hardware/PWM.c **** 	GPIO_PinAFConfig(GPIOC, GPIO_PinSource6, GPIO_AF_TIM3);
  81              		.loc 1 49 2 view .LVU15
  82 003c 3246     		mov	r2, r6
  83 003e 0621     		movs	r1, #6
  84 0040 2046     		mov	r0, r4
  85 0042 FFF7FEFF 		bl	GPIO_PinAFConfig
  86              	.LVL3:
  50:./Hardware/PWM.c **** 	GPIO_PinAFConfig(GPIOC, GPIO_PinSource7, GPIO_AF_TIM3);
  87              		.loc 1 50 2 view .LVU16
  88 0046 3246     		mov	r2, r6
  89 0048 0721     		movs	r1, #7
  90 004a 2046     		mov	r0, r4
  91 004c FFF7FEFF 		bl	GPIO_PinAFConfig
  92              	.LVL4:
  51:./Hardware/PWM.c **** 	GPIO_PinAFConfig(GPIOC, GPIO_PinSource8, GPIO_AF_TIM3);
  93              		.loc 1 51 2 view .LVU17
  94 0050 3246     		mov	r2, r6
  95 0052 0821     		movs	r1, #8
  96 0054 2046     		mov	r0, r4
  97 0056 FFF7FEFF 		bl	GPIO_PinAFConfig
  98              	.LVL5:
  52:./Hardware/PWM.c **** 	GPIO_PinAFConfig(GPIOC, GPIO_PinSource9, GPIO_AF_TIM3);
  99              		.loc 1 52 2 view .LVU18
 100 005a 3246     		mov	r2, r6
 101 005c 0921     		movs	r1, #9
 102 005e 2046     		mov	r0, r4
 103 0060 FFF7FEFF 		bl	GPIO_PinAFConfig
 104              	.LVL6:
  53:./Hardware/PWM.c **** 	
  54:./Hardware/PWM.c **** 	TIM_InternalClockConfig(TIM3);//é»˜è®¤è°ƒç”¨çš„ä¹Ÿæ˜¯å†…éƒ¨æ—¶é’Ÿï¼Œå…¶å®å†™ä¸å†™éƒ½ä¸€æ ·
 105              		.loc 1 54 2 view .LVU19
 106 0064 A4F50134 		sub	r4, r4, #132096
 107 0068 2046     		mov	r0, r4
 108 006a FFF7FEFF 		bl	TIM_InternalClockConfig
 109              	.LVL7:
  55:./Hardware/PWM.c **** 	
  56:./Hardware/PWM.c **** 	
  57:./Hardware/PWM.c **** 	TIM_TimeBaseInitTypeDef TIM_TimeBaseInitStruct;
 110              		.loc 1 57 2 view .LVU20
  58:./Hardware/PWM.c **** 	TIM_TimeBaseInitStruct.TIM_ClockDivision = TIM_CKD_DIV1;
 111              		.loc 1 58 2 view .LVU21
 112              		.loc 1 58 43 is_stmt 0 view .LVU22
 113 006e ADF81C50 		strh	r5, [sp, #28]	@ movhi
  59:./Hardware/PWM.c **** 	TIM_TimeBaseInitStruct.TIM_CounterMode = TIM_CounterMode_Up;;;
ARM GAS  /tmp/ccLXr08c.s 			page 4


 114              		.loc 1 59 2 is_stmt 1 view .LVU23
 115              		.loc 1 59 41 is_stmt 0 view .LVU24
 116 0072 ADF81650 		strh	r5, [sp, #22]	@ movhi
 117              		.loc 1 59 62 is_stmt 1 view .LVU25
 118              		.loc 1 59 63 view .LVU26
  60:./Hardware/PWM.c **** 	TIM_TimeBaseInitStruct.TIM_Period = 2000 - 1;//ARR F=50hz
 119              		.loc 1 60 2 view .LVU27
 120              		.loc 1 60 36 is_stmt 0 view .LVU28
 121 0076 40F2CF73 		movw	r3, #1999
 122 007a 0693     		str	r3, [sp, #24]
  61:./Hardware/PWM.c **** 	TIM_TimeBaseInitStruct.TIM_Prescaler = 160 - 1;//PSC	å¾—å‘¨æœŸä¸º20ms
 123              		.loc 1 61 2 is_stmt 1 view .LVU29
 124              		.loc 1 61 39 is_stmt 0 view .LVU30
 125 007c 9F23     		movs	r3, #159
 126 007e ADF81430 		strh	r3, [sp, #20]	@ movhi
  62:./Hardware/PWM.c **** 	TIM_TimeBaseInitStruct.TIM_RepetitionCounter = 0;
 127              		.loc 1 62 2 is_stmt 1 view .LVU31
 128              		.loc 1 62 47 is_stmt 0 view .LVU32
 129 0082 8DF81E50 		strb	r5, [sp, #30]
  63:./Hardware/PWM.c **** 	TIM_TimeBaseInit(TIM3, &TIM_TimeBaseInitStruct);
 130              		.loc 1 63 2 is_stmt 1 view .LVU33
 131 0086 05A9     		add	r1, sp, #20
 132 0088 2046     		mov	r0, r4
 133 008a FFF7FEFF 		bl	TIM_TimeBaseInit
 134              	.LVL8:
  64:./Hardware/PWM.c **** 
  65:./Hardware/PWM.c **** //é€šé“xï¼šé€šé“xå¯¹åº”çš„å³ä¸ºPWMx	å¦‚ï¼šé€šé“ä¸‰éœ€è¦å¤ç”¨åŠŸèƒ½ä¸ºPWM3çš„GPIOå£
  66:./Hardware/PWM.c **** 	TIM_OCInitTypeDef TIM_OCInitStruct;
 135              		.loc 1 66 2 view .LVU34
  67:./Hardware/PWM.c **** 	TIM_OCStructInit(&TIM_OCInitStruct);
 136              		.loc 1 67 2 view .LVU35
 137 008e 6846     		mov	r0, sp
 138 0090 FFF7FEFF 		bl	TIM_OCStructInit
 139              	.LVL9:
  68:./Hardware/PWM.c **** 	TIM_OCInitStruct.TIM_OCMode = TIM_OCMode_PWM1;
 140              		.loc 1 68 2 view .LVU36
 141              		.loc 1 68 30 is_stmt 0 view .LVU37
 142 0094 6023     		movs	r3, #96
 143 0096 ADF80030 		strh	r3, [sp]	@ movhi
  69:./Hardware/PWM.c **** 	TIM_OCInitStruct.TIM_OCPolarity = TIM_OCPolarity_High;
 144              		.loc 1 69 2 is_stmt 1 view .LVU38
 145              		.loc 1 69 34 is_stmt 0 view .LVU39
 146 009a ADF80C50 		strh	r5, [sp, #12]	@ movhi
  70:./Hardware/PWM.c **** 	TIM_OCInitStruct.TIM_OutputState = TIM_OutputState_Enable;
 147              		.loc 1 70 2 is_stmt 1 view .LVU40
 148              		.loc 1 70 35 is_stmt 0 view .LVU41
 149 009e ADF80270 		strh	r7, [sp, #2]	@ movhi
  71:./Hardware/PWM.c **** 	TIM_OCInitStruct.TIM_Pulse = 0;//ç”¨ä»¥è®¾ç½®CCR
 150              		.loc 1 71 2 is_stmt 1 view .LVU42
 151              		.loc 1 71 29 is_stmt 0 view .LVU43
 152 00a2 0295     		str	r5, [sp, #8]
  72:./Hardware/PWM.c **** 	TIM_OC1Init(TIM3, &TIM_OCInitStruct);
 153              		.loc 1 72 2 is_stmt 1 view .LVU44
 154 00a4 6946     		mov	r1, sp
 155 00a6 2046     		mov	r0, r4
 156 00a8 FFF7FEFF 		bl	TIM_OC1Init
 157              	.LVL10:
ARM GAS  /tmp/ccLXr08c.s 			page 5


  73:./Hardware/PWM.c **** 	TIM_OC2Init(TIM3, &TIM_OCInitStruct);
 158              		.loc 1 73 2 view .LVU45
 159 00ac 6946     		mov	r1, sp
 160 00ae 2046     		mov	r0, r4
 161 00b0 FFF7FEFF 		bl	TIM_OC2Init
 162              	.LVL11:
  74:./Hardware/PWM.c **** 	TIM_OC3Init(TIM3, &TIM_OCInitStruct);
 163              		.loc 1 74 2 view .LVU46
 164 00b4 6946     		mov	r1, sp
 165 00b6 2046     		mov	r0, r4
 166 00b8 FFF7FEFF 		bl	TIM_OC3Init
 167              	.LVL12:
  75:./Hardware/PWM.c **** 	TIM_OC4Init(TIM3, &TIM_OCInitStruct);
 168              		.loc 1 75 2 view .LVU47
 169 00bc 6946     		mov	r1, sp
 170 00be 2046     		mov	r0, r4
 171 00c0 FFF7FEFF 		bl	TIM_OC4Init
 172              	.LVL13:
  76:./Hardware/PWM.c **** 
  77:./Hardware/PWM.c **** 
  78:./Hardware/PWM.c **** 	TIM_OC1PreloadConfig(TIM3,TIM_OCPreload_Enable);
 173              		.loc 1 78 2 view .LVU48
 174 00c4 0821     		movs	r1, #8
 175 00c6 2046     		mov	r0, r4
 176 00c8 FFF7FEFF 		bl	TIM_OC1PreloadConfig
 177              	.LVL14:
  79:./Hardware/PWM.c **** 	TIM_OC2PreloadConfig(TIM3,TIM_OCPreload_Enable);
 178              		.loc 1 79 2 view .LVU49
 179 00cc 0821     		movs	r1, #8
 180 00ce 2046     		mov	r0, r4
 181 00d0 FFF7FEFF 		bl	TIM_OC2PreloadConfig
 182              	.LVL15:
  80:./Hardware/PWM.c **** 	TIM_OC3PreloadConfig(TIM3,TIM_OCPreload_Enable);
 183              		.loc 1 80 2 view .LVU50
 184 00d4 0821     		movs	r1, #8
 185 00d6 2046     		mov	r0, r4
 186 00d8 FFF7FEFF 		bl	TIM_OC3PreloadConfig
 187              	.LVL16:
  81:./Hardware/PWM.c **** 	TIM_OC4PreloadConfig(TIM3,TIM_OCPreload_Enable);
 188              		.loc 1 81 2 view .LVU51
 189 00dc 0821     		movs	r1, #8
 190 00de 2046     		mov	r0, r4
 191 00e0 FFF7FEFF 		bl	TIM_OC4PreloadConfig
 192              	.LVL17:
  82:./Hardware/PWM.c **** 	
  83:./Hardware/PWM.c **** 	TIM_ARRPreloadConfig(TIM3,ENABLE);
 193              		.loc 1 83 2 view .LVU52
 194 00e4 3946     		mov	r1, r7
 195 00e6 2046     		mov	r0, r4
 196 00e8 FFF7FEFF 		bl	TIM_ARRPreloadConfig
 197              	.LVL18:
  84:./Hardware/PWM.c **** 	
  85:./Hardware/PWM.c **** 	TIM_Cmd(TIM3, ENABLE);
 198              		.loc 1 85 2 view .LVU53
 199 00ec 3946     		mov	r1, r7
 200 00ee 2046     		mov	r0, r4
 201 00f0 FFF7FEFF 		bl	TIM_Cmd
ARM GAS  /tmp/ccLXr08c.s 			page 6


 202              	.LVL19:
  86:./Hardware/PWM.c **** }
 203              		.loc 1 86 1 is_stmt 0 view .LVU54
 204 00f4 0BB0     		add	sp, sp, #44
 205              	.LCFI2:
 206              		.cfi_def_cfa_offset 20
 207              		@ sp needed
 208 00f6 F0BD     		pop	{r4, r5, r6, r7, pc}
 209              	.L4:
 210              		.align	2
 211              	.L3:
 212 00f8 00080240 		.word	1073874944
 213              		.cfi_endproc
 214              	.LFE123:
 216              		.section	.text.PWM_SetDuty1,"ax",%progbits
 217              		.align	1
 218              		.global	PWM_SetDuty1
 219              		.syntax unified
 220              		.thumb
 221              		.thumb_func
 223              	PWM_SetDuty1:
 224              	.LVL20:
 225              	.LFB124:
  87:./Hardware/PWM.c **** 
  88:./Hardware/PWM.c **** 
  89:./Hardware/PWM.c **** /*
  90:./Hardware/PWM.c **** ç”¨ä»¥å•ç‹¬æ›´æ”¹CCRçš„å€¼
  91:./Hardware/PWM.c **** */
  92:./Hardware/PWM.c **** void PWM_SetDuty1(uint16_t Compare)
  93:./Hardware/PWM.c **** {
 226              		.loc 1 93 1 is_stmt 1 view -0
 227              		.cfi_startproc
 228              		@ args = 0, pretend = 0, frame = 0
 229              		@ frame_needed = 0, uses_anonymous_args = 0
 230              		.loc 1 93 1 is_stmt 0 view .LVU56
 231 0000 08B5     		push	{r3, lr}
 232              	.LCFI3:
 233              		.cfi_def_cfa_offset 8
 234              		.cfi_offset 3, -8
 235              		.cfi_offset 14, -4
  94:./Hardware/PWM.c **** 	TIM_SetCompare1(TIM3, Compare*20);
 236              		.loc 1 94 2 is_stmt 1 view .LVU57
 237              		.loc 1 94 31 is_stmt 0 view .LVU58
 238 0002 00EB8000 		add	r0, r0, r0, lsl #2
 239              	.LVL21:
 240              		.loc 1 94 2 view .LVU59
 241 0006 8100     		lsls	r1, r0, #2
 242 0008 0148     		ldr	r0, .L7
 243 000a FFF7FEFF 		bl	TIM_SetCompare1
 244              	.LVL22:
  95:./Hardware/PWM.c **** }
 245              		.loc 1 95 1 view .LVU60
 246 000e 08BD     		pop	{r3, pc}
 247              	.L8:
 248              		.align	2
 249              	.L7:
 250 0010 00040040 		.word	1073742848
ARM GAS  /tmp/ccLXr08c.s 			page 7


 251              		.cfi_endproc
 252              	.LFE124:
 254              		.section	.text.PWM_SetDuty2,"ax",%progbits
 255              		.align	1
 256              		.global	PWM_SetDuty2
 257              		.syntax unified
 258              		.thumb
 259              		.thumb_func
 261              	PWM_SetDuty2:
 262              	.LVL23:
 263              	.LFB125:
  96:./Hardware/PWM.c **** 
  97:./Hardware/PWM.c **** void PWM_SetDuty2(uint16_t Compare)
  98:./Hardware/PWM.c **** {
 264              		.loc 1 98 1 is_stmt 1 view -0
 265              		.cfi_startproc
 266              		@ args = 0, pretend = 0, frame = 0
 267              		@ frame_needed = 0, uses_anonymous_args = 0
 268              		.loc 1 98 1 is_stmt 0 view .LVU62
 269 0000 08B5     		push	{r3, lr}
 270              	.LCFI4:
 271              		.cfi_def_cfa_offset 8
 272              		.cfi_offset 3, -8
 273              		.cfi_offset 14, -4
  99:./Hardware/PWM.c **** 	TIM_SetCompare2(TIM3, Compare*20);
 274              		.loc 1 99 2 is_stmt 1 view .LVU63
 275              		.loc 1 99 31 is_stmt 0 view .LVU64
 276 0002 00EB8000 		add	r0, r0, r0, lsl #2
 277              	.LVL24:
 278              		.loc 1 99 2 view .LVU65
 279 0006 8100     		lsls	r1, r0, #2
 280 0008 0148     		ldr	r0, .L11
 281 000a FFF7FEFF 		bl	TIM_SetCompare2
 282              	.LVL25:
 100:./Hardware/PWM.c **** }
 283              		.loc 1 100 1 view .LVU66
 284 000e 08BD     		pop	{r3, pc}
 285              	.L12:
 286              		.align	2
 287              	.L11:
 288 0010 00040040 		.word	1073742848
 289              		.cfi_endproc
 290              	.LFE125:
 292              		.section	.text.PWM_SetDuty3,"ax",%progbits
 293              		.align	1
 294              		.global	PWM_SetDuty3
 295              		.syntax unified
 296              		.thumb
 297              		.thumb_func
 299              	PWM_SetDuty3:
 300              	.LVL26:
 301              	.LFB126:
 101:./Hardware/PWM.c **** 
 102:./Hardware/PWM.c **** void PWM_SetDuty3(uint16_t Compare)
 103:./Hardware/PWM.c **** {
 302              		.loc 1 103 1 is_stmt 1 view -0
 303              		.cfi_startproc
ARM GAS  /tmp/ccLXr08c.s 			page 8


 304              		@ args = 0, pretend = 0, frame = 0
 305              		@ frame_needed = 0, uses_anonymous_args = 0
 306              		.loc 1 103 1 is_stmt 0 view .LVU68
 307 0000 08B5     		push	{r3, lr}
 308              	.LCFI5:
 309              		.cfi_def_cfa_offset 8
 310              		.cfi_offset 3, -8
 311              		.cfi_offset 14, -4
 104:./Hardware/PWM.c **** 	TIM_SetCompare3(TIM3, Compare*20);
 312              		.loc 1 104 2 is_stmt 1 view .LVU69
 313              		.loc 1 104 31 is_stmt 0 view .LVU70
 314 0002 00EB8000 		add	r0, r0, r0, lsl #2
 315              	.LVL27:
 316              		.loc 1 104 2 view .LVU71
 317 0006 8100     		lsls	r1, r0, #2
 318 0008 0148     		ldr	r0, .L15
 319 000a FFF7FEFF 		bl	TIM_SetCompare3
 320              	.LVL28:
 105:./Hardware/PWM.c **** }
 321              		.loc 1 105 1 view .LVU72
 322 000e 08BD     		pop	{r3, pc}
 323              	.L16:
 324              		.align	2
 325              	.L15:
 326 0010 00040040 		.word	1073742848
 327              		.cfi_endproc
 328              	.LFE126:
 330              		.section	.text.PWM_SetDuty4,"ax",%progbits
 331              		.align	1
 332              		.global	PWM_SetDuty4
 333              		.syntax unified
 334              		.thumb
 335              		.thumb_func
 337              	PWM_SetDuty4:
 338              	.LVL29:
 339              	.LFB127:
 106:./Hardware/PWM.c **** 
 107:./Hardware/PWM.c **** void PWM_SetDuty4(uint16_t Compare)
 108:./Hardware/PWM.c **** {
 340              		.loc 1 108 1 is_stmt 1 view -0
 341              		.cfi_startproc
 342              		@ args = 0, pretend = 0, frame = 0
 343              		@ frame_needed = 0, uses_anonymous_args = 0
 344              		.loc 1 108 1 is_stmt 0 view .LVU74
 345 0000 08B5     		push	{r3, lr}
 346              	.LCFI6:
 347              		.cfi_def_cfa_offset 8
 348              		.cfi_offset 3, -8
 349              		.cfi_offset 14, -4
 109:./Hardware/PWM.c **** 	TIM_SetCompare4(TIM3, Compare*20);
 350              		.loc 1 109 2 is_stmt 1 view .LVU75
 351              		.loc 1 109 31 is_stmt 0 view .LVU76
 352 0002 00EB8000 		add	r0, r0, r0, lsl #2
 353              	.LVL30:
 354              		.loc 1 109 2 view .LVU77
 355 0006 8100     		lsls	r1, r0, #2
 356 0008 0148     		ldr	r0, .L19
ARM GAS  /tmp/ccLXr08c.s 			page 9


 357 000a FFF7FEFF 		bl	TIM_SetCompare4
 358              	.LVL31:
 110:./Hardware/PWM.c **** }
 359              		.loc 1 110 1 view .LVU78
 360 000e 08BD     		pop	{r3, pc}
 361              	.L20:
 362              		.align	2
 363              	.L19:
 364 0010 00040040 		.word	1073742848
 365              		.cfi_endproc
 366              	.LFE127:
 368              		.text
 369              	.Letext0:
 370              		.file 2 "/usr/lib/gcc/arm-none-eabi/12.2.1/include/stdint.h"
 371              		.file 3 "./CORE/stm32f4xx.h"
 372              		.file 4 "./Library/stm32f4xx_gpio.h"
 373              		.file 5 "./Library/stm32f4xx_tim.h"
 374              		.file 6 "./Library/stm32f4xx_rcc.h"
ARM GAS  /tmp/ccLXr08c.s 			page 10


DEFINED SYMBOLS
                            *ABS*:0000000000000000 PWM.c
     /tmp/ccLXr08c.s:21     .text.PWM_Init:0000000000000000 $t
     /tmp/ccLXr08c.s:27     .text.PWM_Init:0000000000000000 PWM_Init
     /tmp/ccLXr08c.s:212    .text.PWM_Init:00000000000000f8 $d
     /tmp/ccLXr08c.s:217    .text.PWM_SetDuty1:0000000000000000 $t
     /tmp/ccLXr08c.s:223    .text.PWM_SetDuty1:0000000000000000 PWM_SetDuty1
     /tmp/ccLXr08c.s:250    .text.PWM_SetDuty1:0000000000000010 $d
     /tmp/ccLXr08c.s:255    .text.PWM_SetDuty2:0000000000000000 $t
     /tmp/ccLXr08c.s:261    .text.PWM_SetDuty2:0000000000000000 PWM_SetDuty2
     /tmp/ccLXr08c.s:288    .text.PWM_SetDuty2:0000000000000010 $d
     /tmp/ccLXr08c.s:293    .text.PWM_SetDuty3:0000000000000000 $t
     /tmp/ccLXr08c.s:299    .text.PWM_SetDuty3:0000000000000000 PWM_SetDuty3
     /tmp/ccLXr08c.s:326    .text.PWM_SetDuty3:0000000000000010 $d
     /tmp/ccLXr08c.s:331    .text.PWM_SetDuty4:0000000000000000 $t
     /tmp/ccLXr08c.s:337    .text.PWM_SetDuty4:0000000000000000 PWM_SetDuty4
     /tmp/ccLXr08c.s:364    .text.PWM_SetDuty4:0000000000000010 $d

UNDEFINED SYMBOLS
RCC_APB1PeriphClockCmd
RCC_AHB1PeriphClockCmd
GPIO_Init
GPIO_PinAFConfig
TIM_InternalClockConfig
TIM_TimeBaseInit
TIM_OCStructInit
TIM_OC1Init
TIM_OC2Init
TIM_OC3Init
TIM_OC4Init
TIM_OC1PreloadConfig
TIM_OC2PreloadConfig
TIM_OC3PreloadConfig
TIM_OC4PreloadConfig
TIM_ARRPreloadConfig
TIM_Cmd
TIM_SetCompare1
TIM_SetCompare2
TIM_SetCompare3
TIM_SetCompare4
