ARM GAS  /tmp/ccL3zYaW.s 			page 1


   1              		.cpu cortex-m4
   2              		.arch armv7e-m
   3              		.fpu fpv4-sp-d16
   4              		.eabi_attribute 27, 1
   5              		.eabi_attribute 28, 1
   6              		.eabi_attribute 20, 1
   7              		.eabi_attribute 21, 1
   8              		.eabi_attribute 23, 3
   9              		.eabi_attribute 24, 1
  10              		.eabi_attribute 25, 1
  11              		.eabi_attribute 26, 1
  12              		.eabi_attribute 30, 1
  13              		.eabi_attribute 34, 1
  14              		.eabi_attribute 18, 4
  15              		.file	"stm32f4xx_crc.c"
  16              		.text
  17              	.Ltext0:
  18              		.cfi_sections	.debug_frame
  19              		.file 1 "./Library/stm32f4xx_crc.c"
  20              		.section	.text.CRC_ResetDR,"ax",%progbits
  21              		.align	1
  22              		.global	CRC_ResetDR
  23              		.syntax unified
  24              		.thumb
  25              		.thumb_func
  27              	CRC_ResetDR:
  28              	.LFB123:
   1:./Library/stm32f4xx_crc.c **** /**
   2:./Library/stm32f4xx_crc.c ****   ******************************************************************************
   3:./Library/stm32f4xx_crc.c ****   * @file    stm32f4xx_crc.c
   4:./Library/stm32f4xx_crc.c ****   * @author  MCD Application Team
   5:./Library/stm32f4xx_crc.c ****   * @version V1.8.1
   6:./Library/stm32f4xx_crc.c ****   * @date    27-January-2022
   7:./Library/stm32f4xx_crc.c ****   * @brief   This file provides all the CRC firmware functions.
   8:./Library/stm32f4xx_crc.c ****   ******************************************************************************
   9:./Library/stm32f4xx_crc.c ****   * @attention
  10:./Library/stm32f4xx_crc.c ****   *
  11:./Library/stm32f4xx_crc.c ****   * Copyright (c) 2016 STMicroelectronics.
  12:./Library/stm32f4xx_crc.c ****   * All rights reserved.
  13:./Library/stm32f4xx_crc.c ****   *
  14:./Library/stm32f4xx_crc.c ****   * This software is licensed under terms that can be found in the LICENSE file
  15:./Library/stm32f4xx_crc.c ****   * in the root directory of this software component.
  16:./Library/stm32f4xx_crc.c ****   * If no LICENSE file comes with this software, it is provided AS-IS.
  17:./Library/stm32f4xx_crc.c ****   *
  18:./Library/stm32f4xx_crc.c ****   ******************************************************************************
  19:./Library/stm32f4xx_crc.c ****   */
  20:./Library/stm32f4xx_crc.c **** 
  21:./Library/stm32f4xx_crc.c **** /* Includes ------------------------------------------------------------------*/
  22:./Library/stm32f4xx_crc.c **** #include "stm32f4xx_crc.h"
  23:./Library/stm32f4xx_crc.c **** 
  24:./Library/stm32f4xx_crc.c **** /** @addtogroup STM32F4xx_StdPeriph_Driver
  25:./Library/stm32f4xx_crc.c ****   * @{
  26:./Library/stm32f4xx_crc.c ****   */
  27:./Library/stm32f4xx_crc.c **** 
  28:./Library/stm32f4xx_crc.c **** /** @defgroup CRC 
  29:./Library/stm32f4xx_crc.c ****   * @brief CRC driver modules
  30:./Library/stm32f4xx_crc.c ****   * @{
ARM GAS  /tmp/ccL3zYaW.s 			page 2


  31:./Library/stm32f4xx_crc.c ****   */
  32:./Library/stm32f4xx_crc.c **** 
  33:./Library/stm32f4xx_crc.c **** /* Private typedef -----------------------------------------------------------*/
  34:./Library/stm32f4xx_crc.c **** /* Private define ------------------------------------------------------------*/
  35:./Library/stm32f4xx_crc.c **** /* Private macro -------------------------------------------------------------*/
  36:./Library/stm32f4xx_crc.c **** /* Private variables ---------------------------------------------------------*/
  37:./Library/stm32f4xx_crc.c **** /* Private function prototypes -----------------------------------------------*/
  38:./Library/stm32f4xx_crc.c **** /* Private functions ---------------------------------------------------------*/
  39:./Library/stm32f4xx_crc.c **** 
  40:./Library/stm32f4xx_crc.c **** /** @defgroup CRC_Private_Functions
  41:./Library/stm32f4xx_crc.c ****   * @{
  42:./Library/stm32f4xx_crc.c ****   */
  43:./Library/stm32f4xx_crc.c **** 
  44:./Library/stm32f4xx_crc.c **** /**
  45:./Library/stm32f4xx_crc.c ****   * @brief  Resets the CRC Data register (DR).
  46:./Library/stm32f4xx_crc.c ****   * @param  None
  47:./Library/stm32f4xx_crc.c ****   * @retval None
  48:./Library/stm32f4xx_crc.c ****   */
  49:./Library/stm32f4xx_crc.c **** void CRC_ResetDR(void)
  50:./Library/stm32f4xx_crc.c **** {
  29              		.loc 1 50 1 view -0
  30              		.cfi_startproc
  31              		@ args = 0, pretend = 0, frame = 0
  32              		@ frame_needed = 0, uses_anonymous_args = 0
  33              		@ link register save eliminated.
  51:./Library/stm32f4xx_crc.c ****   /* Reset CRC generator */
  52:./Library/stm32f4xx_crc.c ****   CRC->CR = CRC_CR_RESET;
  34              		.loc 1 52 3 view .LVU1
  35              		.loc 1 52 11 is_stmt 0 view .LVU2
  36 0000 014B     		ldr	r3, .L2
  37 0002 0122     		movs	r2, #1
  38 0004 9A60     		str	r2, [r3, #8]
  53:./Library/stm32f4xx_crc.c **** }
  39              		.loc 1 53 1 view .LVU3
  40 0006 7047     		bx	lr
  41              	.L3:
  42              		.align	2
  43              	.L2:
  44 0008 00300240 		.word	1073885184
  45              		.cfi_endproc
  46              	.LFE123:
  48              		.section	.text.CRC_CalcCRC,"ax",%progbits
  49              		.align	1
  50              		.global	CRC_CalcCRC
  51              		.syntax unified
  52              		.thumb
  53              		.thumb_func
  55              	CRC_CalcCRC:
  56              	.LVL0:
  57              	.LFB124:
  54:./Library/stm32f4xx_crc.c **** 
  55:./Library/stm32f4xx_crc.c **** /**
  56:./Library/stm32f4xx_crc.c ****   * @brief  Computes the 32-bit CRC of a given data word(32-bit).
  57:./Library/stm32f4xx_crc.c ****   * @param  Data: data word(32-bit) to compute its CRC
  58:./Library/stm32f4xx_crc.c ****   * @retval 32-bit CRC
  59:./Library/stm32f4xx_crc.c ****   */
  60:./Library/stm32f4xx_crc.c **** uint32_t CRC_CalcCRC(uint32_t Data)
ARM GAS  /tmp/ccL3zYaW.s 			page 3


  61:./Library/stm32f4xx_crc.c **** {
  58              		.loc 1 61 1 is_stmt 1 view -0
  59              		.cfi_startproc
  60              		@ args = 0, pretend = 0, frame = 0
  61              		@ frame_needed = 0, uses_anonymous_args = 0
  62              		@ link register save eliminated.
  62:./Library/stm32f4xx_crc.c ****   CRC->DR = Data;
  63              		.loc 1 62 3 view .LVU5
  64              		.loc 1 62 11 is_stmt 0 view .LVU6
  65 0000 014B     		ldr	r3, .L5
  66 0002 1860     		str	r0, [r3]
  63:./Library/stm32f4xx_crc.c ****   
  64:./Library/stm32f4xx_crc.c ****   return (CRC->DR);
  67              		.loc 1 64 3 is_stmt 1 view .LVU7
  68              		.loc 1 64 14 is_stmt 0 view .LVU8
  69 0004 1868     		ldr	r0, [r3]
  70              	.LVL1:
  65:./Library/stm32f4xx_crc.c **** }
  71              		.loc 1 65 1 view .LVU9
  72 0006 7047     		bx	lr
  73              	.L6:
  74              		.align	2
  75              	.L5:
  76 0008 00300240 		.word	1073885184
  77              		.cfi_endproc
  78              	.LFE124:
  80              		.section	.text.CRC_CalcBlockCRC,"ax",%progbits
  81              		.align	1
  82              		.global	CRC_CalcBlockCRC
  83              		.syntax unified
  84              		.thumb
  85              		.thumb_func
  87              	CRC_CalcBlockCRC:
  88              	.LVL2:
  89              	.LFB125:
  66:./Library/stm32f4xx_crc.c **** 
  67:./Library/stm32f4xx_crc.c **** /**
  68:./Library/stm32f4xx_crc.c ****   * @brief  Computes the 32-bit CRC of a given buffer of data word(32-bit).
  69:./Library/stm32f4xx_crc.c ****   * @param  pBuffer: pointer to the buffer containing the data to be computed
  70:./Library/stm32f4xx_crc.c ****   * @param  BufferLength: length of the buffer to be computed					
  71:./Library/stm32f4xx_crc.c ****   * @retval 32-bit CRC
  72:./Library/stm32f4xx_crc.c ****   */
  73:./Library/stm32f4xx_crc.c **** uint32_t CRC_CalcBlockCRC(uint32_t pBuffer[], uint32_t BufferLength)
  74:./Library/stm32f4xx_crc.c **** {
  90              		.loc 1 74 1 is_stmt 1 view -0
  91              		.cfi_startproc
  92              		@ args = 0, pretend = 0, frame = 0
  93              		@ frame_needed = 0, uses_anonymous_args = 0
  94              		@ link register save eliminated.
  75:./Library/stm32f4xx_crc.c ****   uint32_t index = 0;
  95              		.loc 1 75 3 view .LVU11
  76:./Library/stm32f4xx_crc.c ****   
  77:./Library/stm32f4xx_crc.c ****   for(index = 0; index < BufferLength; index++)
  96              		.loc 1 77 3 view .LVU12
  97              		.loc 1 77 13 is_stmt 0 view .LVU13
  98 0000 0023     		movs	r3, #0
  99              	.LVL3:
ARM GAS  /tmp/ccL3zYaW.s 			page 4


 100              		.loc 1 77 24 is_stmt 1 view .LVU14
 101 0002 8B42     		cmp	r3, r1
 102 0004 0CD2     		bcs	.L14
  74:./Library/stm32f4xx_crc.c ****   uint32_t index = 0;
 103              		.loc 1 74 1 is_stmt 0 view .LVU15
 104 0006 10B4     		push	{r4}
 105              	.LCFI0:
 106              		.cfi_def_cfa_offset 4
 107              		.cfi_offset 4, -4
 108              	.L9:
  78:./Library/stm32f4xx_crc.c ****   {
  79:./Library/stm32f4xx_crc.c ****     CRC->DR = pBuffer[index];
 109              		.loc 1 79 5 is_stmt 1 discriminator 3 view .LVU16
 110              		.loc 1 79 13 is_stmt 0 discriminator 3 view .LVU17
 111 0008 074A     		ldr	r2, .L15
 112 000a 50F82340 		ldr	r4, [r0, r3, lsl #2]
 113 000e 1460     		str	r4, [r2]
  77:./Library/stm32f4xx_crc.c ****   {
 114              		.loc 1 77 45 is_stmt 1 discriminator 3 view .LVU18
 115 0010 0133     		adds	r3, r3, #1
 116              	.LVL4:
  77:./Library/stm32f4xx_crc.c ****   {
 117              		.loc 1 77 24 discriminator 3 view .LVU19
 118 0012 8B42     		cmp	r3, r1
 119 0014 F8D3     		bcc	.L9
  80:./Library/stm32f4xx_crc.c ****   }
  81:./Library/stm32f4xx_crc.c ****   return (CRC->DR);
 120              		.loc 1 81 3 view .LVU20
 121              		.loc 1 81 14 is_stmt 0 view .LVU21
 122 0016 044B     		ldr	r3, .L15
 123              	.LVL5:
 124              		.loc 1 81 14 view .LVU22
 125 0018 1868     		ldr	r0, [r3]
 126              	.LVL6:
  82:./Library/stm32f4xx_crc.c **** }
 127              		.loc 1 82 1 view .LVU23
 128 001a 5DF8044B 		ldr	r4, [sp], #4
 129              	.LCFI1:
 130              		.cfi_restore 4
 131              		.cfi_def_cfa_offset 0
 132 001e 7047     		bx	lr
 133              	.LVL7:
 134              	.L14:
  81:./Library/stm32f4xx_crc.c **** }
 135              		.loc 1 81 3 is_stmt 1 view .LVU24
  81:./Library/stm32f4xx_crc.c **** }
 136              		.loc 1 81 14 is_stmt 0 view .LVU25
 137 0020 014B     		ldr	r3, .L15
 138              	.LVL8:
  81:./Library/stm32f4xx_crc.c **** }
 139              		.loc 1 81 14 view .LVU26
 140 0022 1868     		ldr	r0, [r3]
 141              	.LVL9:
 142              		.loc 1 82 1 view .LVU27
 143 0024 7047     		bx	lr
 144              	.L16:
 145 0026 00BF     		.align	2
ARM GAS  /tmp/ccL3zYaW.s 			page 5


 146              	.L15:
 147 0028 00300240 		.word	1073885184
 148              		.cfi_endproc
 149              	.LFE125:
 151              		.section	.text.CRC_GetCRC,"ax",%progbits
 152              		.align	1
 153              		.global	CRC_GetCRC
 154              		.syntax unified
 155              		.thumb
 156              		.thumb_func
 158              	CRC_GetCRC:
 159              	.LFB126:
  83:./Library/stm32f4xx_crc.c **** 
  84:./Library/stm32f4xx_crc.c **** /**
  85:./Library/stm32f4xx_crc.c ****   * @brief  Returns the current CRC value.
  86:./Library/stm32f4xx_crc.c ****   * @param  None
  87:./Library/stm32f4xx_crc.c ****   * @retval 32-bit CRC
  88:./Library/stm32f4xx_crc.c ****   */
  89:./Library/stm32f4xx_crc.c **** uint32_t CRC_GetCRC(void)
  90:./Library/stm32f4xx_crc.c **** {
 160              		.loc 1 90 1 is_stmt 1 view -0
 161              		.cfi_startproc
 162              		@ args = 0, pretend = 0, frame = 0
 163              		@ frame_needed = 0, uses_anonymous_args = 0
 164              		@ link register save eliminated.
  91:./Library/stm32f4xx_crc.c ****   return (CRC->DR);
 165              		.loc 1 91 3 view .LVU29
 166              		.loc 1 91 14 is_stmt 0 view .LVU30
 167 0000 014B     		ldr	r3, .L18
 168 0002 1868     		ldr	r0, [r3]
  92:./Library/stm32f4xx_crc.c **** }
 169              		.loc 1 92 1 view .LVU31
 170 0004 7047     		bx	lr
 171              	.L19:
 172 0006 00BF     		.align	2
 173              	.L18:
 174 0008 00300240 		.word	1073885184
 175              		.cfi_endproc
 176              	.LFE126:
 178              		.section	.text.CRC_SetIDRegister,"ax",%progbits
 179              		.align	1
 180              		.global	CRC_SetIDRegister
 181              		.syntax unified
 182              		.thumb
 183              		.thumb_func
 185              	CRC_SetIDRegister:
 186              	.LVL10:
 187              	.LFB127:
  93:./Library/stm32f4xx_crc.c **** 
  94:./Library/stm32f4xx_crc.c **** /**
  95:./Library/stm32f4xx_crc.c ****   * @brief  Stores a 8-bit data in the Independent Data(ID) register.
  96:./Library/stm32f4xx_crc.c ****   * @param  IDValue: 8-bit value to be stored in the ID register 					
  97:./Library/stm32f4xx_crc.c ****   * @retval None
  98:./Library/stm32f4xx_crc.c ****   */
  99:./Library/stm32f4xx_crc.c **** void CRC_SetIDRegister(uint8_t IDValue)
 100:./Library/stm32f4xx_crc.c **** {
 188              		.loc 1 100 1 is_stmt 1 view -0
ARM GAS  /tmp/ccL3zYaW.s 			page 6


 189              		.cfi_startproc
 190              		@ args = 0, pretend = 0, frame = 0
 191              		@ frame_needed = 0, uses_anonymous_args = 0
 192              		@ link register save eliminated.
 101:./Library/stm32f4xx_crc.c ****   CRC->IDR = IDValue;
 193              		.loc 1 101 3 view .LVU33
 194              		.loc 1 101 12 is_stmt 0 view .LVU34
 195 0000 014B     		ldr	r3, .L21
 196 0002 1871     		strb	r0, [r3, #4]
 102:./Library/stm32f4xx_crc.c **** }
 197              		.loc 1 102 1 view .LVU35
 198 0004 7047     		bx	lr
 199              	.L22:
 200 0006 00BF     		.align	2
 201              	.L21:
 202 0008 00300240 		.word	1073885184
 203              		.cfi_endproc
 204              	.LFE127:
 206              		.section	.text.CRC_GetIDRegister,"ax",%progbits
 207              		.align	1
 208              		.global	CRC_GetIDRegister
 209              		.syntax unified
 210              		.thumb
 211              		.thumb_func
 213              	CRC_GetIDRegister:
 214              	.LFB128:
 103:./Library/stm32f4xx_crc.c **** 
 104:./Library/stm32f4xx_crc.c **** /**
 105:./Library/stm32f4xx_crc.c ****   * @brief  Returns the 8-bit data stored in the Independent Data(ID) register
 106:./Library/stm32f4xx_crc.c ****   * @param  None
 107:./Library/stm32f4xx_crc.c ****   * @retval 8-bit value of the ID register 
 108:./Library/stm32f4xx_crc.c ****   */
 109:./Library/stm32f4xx_crc.c **** uint8_t CRC_GetIDRegister(void)
 110:./Library/stm32f4xx_crc.c **** {
 215              		.loc 1 110 1 is_stmt 1 view -0
 216              		.cfi_startproc
 217              		@ args = 0, pretend = 0, frame = 0
 218              		@ frame_needed = 0, uses_anonymous_args = 0
 219              		@ link register save eliminated.
 111:./Library/stm32f4xx_crc.c ****   return (CRC->IDR);
 220              		.loc 1 111 3 view .LVU37
 221              		.loc 1 111 14 is_stmt 0 view .LVU38
 222 0000 014B     		ldr	r3, .L24
 223 0002 1879     		ldrb	r0, [r3, #4]	@ zero_extendqisi2
 112:./Library/stm32f4xx_crc.c **** }
 224              		.loc 1 112 1 view .LVU39
 225 0004 7047     		bx	lr
 226              	.L25:
 227 0006 00BF     		.align	2
 228              	.L24:
 229 0008 00300240 		.word	1073885184
 230              		.cfi_endproc
 231              	.LFE128:
 233              		.text
 234              	.Letext0:
 235              		.file 2 "/usr/lib/gcc/arm-none-eabi/12.2.1/include/stdint.h"
 236              		.file 3 "./CORE/stm32f4xx.h"
ARM GAS  /tmp/ccL3zYaW.s 			page 7


ARM GAS  /tmp/ccL3zYaW.s 			page 8


DEFINED SYMBOLS
                            *ABS*:0000000000000000 stm32f4xx_crc.c
     /tmp/ccL3zYaW.s:21     .text.CRC_ResetDR:0000000000000000 $t
     /tmp/ccL3zYaW.s:27     .text.CRC_ResetDR:0000000000000000 CRC_ResetDR
     /tmp/ccL3zYaW.s:44     .text.CRC_ResetDR:0000000000000008 $d
     /tmp/ccL3zYaW.s:49     .text.CRC_CalcCRC:0000000000000000 $t
     /tmp/ccL3zYaW.s:55     .text.CRC_CalcCRC:0000000000000000 CRC_CalcCRC
     /tmp/ccL3zYaW.s:76     .text.CRC_CalcCRC:0000000000000008 $d
     /tmp/ccL3zYaW.s:81     .text.CRC_CalcBlockCRC:0000000000000000 $t
     /tmp/ccL3zYaW.s:87     .text.CRC_CalcBlockCRC:0000000000000000 CRC_CalcBlockCRC
     /tmp/ccL3zYaW.s:147    .text.CRC_CalcBlockCRC:0000000000000028 $d
     /tmp/ccL3zYaW.s:152    .text.CRC_GetCRC:0000000000000000 $t
     /tmp/ccL3zYaW.s:158    .text.CRC_GetCRC:0000000000000000 CRC_GetCRC
     /tmp/ccL3zYaW.s:174    .text.CRC_GetCRC:0000000000000008 $d
     /tmp/ccL3zYaW.s:179    .text.CRC_SetIDRegister:0000000000000000 $t
     /tmp/ccL3zYaW.s:185    .text.CRC_SetIDRegister:0000000000000000 CRC_SetIDRegister
     /tmp/ccL3zYaW.s:202    .text.CRC_SetIDRegister:0000000000000008 $d
     /tmp/ccL3zYaW.s:207    .text.CRC_GetIDRegister:0000000000000000 $t
     /tmp/ccL3zYaW.s:213    .text.CRC_GetIDRegister:0000000000000000 CRC_GetIDRegister
     /tmp/ccL3zYaW.s:229    .text.CRC_GetIDRegister:0000000000000008 $d

NO UNDEFINED SYMBOLS
